[
    {
        "Id": "5ca78804e7feb291e7c2a494385d880b7691efb6b9ad491b37d6d4970c52d642",
        "Created": "2021-12-23T15:25:16.507218773Z",
        "Path": "/init",
        "Args": [],
        "State": {
            "Status": "running",
            "Running": true,
            "Paused": false,
            "Restarting": false,
            "OOMKilled": false,
            "Dead": false,
            "Pid": 34493,
            "ExitCode": 0,
            "Error": "",
            "StartedAt": "2021-12-23T15:25:36.130311871Z",
            "FinishedAt": "2021-12-23T15:25:27.632779147Z"
        },
        "Image": "sha256:7f04ded607265ebe95373e01d9b873b2df4e6f6f7167d329e8680dfa2c9696df",
        "ResolvConfPath": "/var/lib/docker/containers/5ca78804e7feb291e7c2a494385d880b7691efb6b9ad491b37d6d4970c52d642/resolv.conf",
        "HostnamePath": "/var/lib/docker/containers/5ca78804e7feb291e7c2a494385d880b7691efb6b9ad491b37d6d4970c52d642/hostname",
        "HostsPath": "/var/lib/docker/containers/5ca78804e7feb291e7c2a494385d880b7691efb6b9ad491b37d6d4970c52d642/hosts",
        "LogPath": "/var/lib/docker/containers/5ca78804e7feb291e7c2a494385d880b7691efb6b9ad491b37d6d4970c52d642/5ca78804e7feb291e7c2a494385d880b7691efb6b9ad491b37d6d4970c52d642-json.log",
        "Name": "/ha",
        "RestartCount": 0,
        "Driver": "overlay2",
        "Platform": "linux",
        "MountLabel": "",
        "ProcessLabel": "",
        "AppArmorProfile": "docker-default",
        "ExecIDs": null,
        "HostConfig": {
            "Binds": [],
            "ContainerIDFile": "",
            "LogConfig": {
                "Type": "json-file",
                "Config": {}
            },
            "NetworkMode": "heig",
            "PortBindings": {
                "1936/tcp": [
                    {
                        "HostIp": "",
                        "HostPort": "1936"
                    }
                ],
                "80/tcp": [
                    {
                        "HostIp": "",
                        "HostPort": "80"
                    }
                ],
                "9999/tcp": [
                    {
                        "HostIp": "",
                        "HostPort": "9999"
                    }
                ]
            },
            "RestartPolicy": {
                "Name": "",
                "MaximumRetryCount": 0
            },
            "AutoRemove": false,
            "VolumeDriver": "",
            "VolumesFrom": [],
            "CapAdd": null,
            "CapDrop": null,
            "CgroupnsMode": "private",
            "Dns": null,
            "DnsOptions": null,
            "DnsSearch": null,
            "ExtraHosts": null,
            "GroupAdd": null,
            "IpcMode": "shareable",
            "Cgroup": "",
            "Links": null,
            "OomScoreAdj": 0,
            "PidMode": "",
            "Privileged": false,
            "PublishAllPorts": false,
            "ReadonlyRootfs": false,
            "SecurityOpt": null,
            "UTSMode": "",
            "UsernsMode": "",
            "ShmSize": 67108864,
            "Runtime": "runc",
            "ConsoleSize": [
                0,
                0
            ],
            "Isolation": "",
            "CpuShares": 0,
            "Memory": 0,
            "NanoCpus": 0,
            "CgroupParent": "",
            "BlkioWeight": 0,
            "BlkioWeightDevice": null,
            "BlkioDeviceReadBps": null,
            "BlkioDeviceWriteBps": null,
            "BlkioDeviceReadIOps": null,
            "BlkioDeviceWriteIOps": null,
            "CpuPeriod": 0,
            "CpuQuota": 0,
            "CpuRealtimePeriod": 0,
            "CpuRealtimeRuntime": 0,
            "CpusetCpus": "",
            "CpusetMems": "",
            "Devices": null,
            "DeviceCgroupRules": null,
            "DeviceRequests": null,
            "KernelMemory": 0,
            "KernelMemoryTCP": 0,
            "MemoryReservation": 0,
            "MemorySwap": 0,
            "MemorySwappiness": null,
            "OomKillDisable": null,
            "PidsLimit": null,
            "Ulimits": null,
            "CpuCount": 0,
            "CpuPercent": 0,
            "IOMaximumIOps": 0,
            "IOMaximumBandwidth": 0,
            "MaskedPaths": [
                "/proc/asound",
                "/proc/acpi",
                "/proc/kcore",
                "/proc/keys",
                "/proc/latency_stats",
                "/proc/timer_list",
                "/proc/timer_stats",
                "/proc/sched_debug",
                "/proc/scsi",
                "/sys/firmware"
            ],
            "ReadonlyPaths": [
                "/proc/bus",
                "/proc/fs",
                "/proc/irq",
                "/proc/sys",
                "/proc/sysrq-trigger"
            ]
        },
        "GraphDriver": {
            "Data": {
                "LowerDir": "/var/lib/docker/overlay2/87f7cf822be3b24686ba817f8022cf8e3c7c1468aa3072e09a57f53a689f503a-init/diff:/var/lib/docker/overlay2/b0e90d25382e1762e404240107df849cb5fce7555136efdb090fb754414cc3c7/diff:/var/lib/docker/overlay2/81a266d82a47930e760bd9b40ede1e4370d4ba1d1a991a03fb4bb7e11ad01415/diff:/var/lib/docker/overlay2/9869f4da31dfd001a0885db78e4c4b054bf0fcfd4c0143fc6b4e063caedf0019/diff:/var/lib/docker/overlay2/c23c481245c9efb67451508db603ea6f539aae3da7615169f233e16577e5626c/diff:/var/lib/docker/overlay2/bfd7ba1506ef5bd83d48327000cbf1f2cbe8573df39ade4720d4183caa8c63ef/diff:/var/lib/docker/overlay2/8d6caced55b8a92d7a59843e2e8600fa4016acfd7f92ddb74dd604683df0f901/diff:/var/lib/docker/overlay2/be52e8a5ef7b99145d62dbb0d51ce7b18279663ffe34e2f914f3c2c7aca109d7/diff:/var/lib/docker/overlay2/b385a9113333a6929759377749ecb20752f67a9ec86c7cec6ae3115963786b9a/diff:/var/lib/docker/overlay2/7b02253ddff3d1d98e244f5ac8b686f02713f01195f66d5e60b372fea107928c/diff:/var/lib/docker/overlay2/a51fc3e9e9c40951382f8034636e62380c6947e9afd9a76db882df4d6a647ed7/diff:/var/lib/docker/overlay2/7a8ceee410f88c9597ec97f4d5cb536785c05c9c8c72cd481bc0ddad8a08026b/diff:/var/lib/docker/overlay2/a1b089761b80ab242e4f024dfd067b8701a568e27641d632b1aa98523b64418d/diff:/var/lib/docker/overlay2/ab4f08d5231ce2fe6fa99226ab9fd132617511f742797984616e551af62dc947/diff:/var/lib/docker/overlay2/84b156995410ec26b2c033f0379799bfa6efc9e835c401a1ac3f7a179687f74f/diff:/var/lib/docker/overlay2/3df49e2a509bdb7c8bf400846d2ddd5c2eee5de68f43f31d047153982bd4d9f3/diff:/var/lib/docker/overlay2/28b8c777d36e1ca0aa68a5833ab9b9d58fc81106b955817a362b0a17317daa42/diff:/var/lib/docker/overlay2/82c3e2f13ae3201615d48c94e39640cb63f16be45816800ec50192b72b4d51fd/diff:/var/lib/docker/overlay2/08345add37ea14162250e5df74c9ac26d3e00d87247dd516b1103d5706747fdf/diff:/var/lib/docker/overlay2/9e22d672868bd1dbd74a31e94152a383aa1f90b201e3b6443cecbe92505107f9/diff:/var/lib/docker/overlay2/2728890e404da54c774de1651b29d6e6958ad884adee819950b498e78d68d54a/diff:/var/lib/docker/overlay2/e5054661281e7257a12e068fc7d380925441ff8dcdb89f0a7268bd992807a9ff/diff:/var/lib/docker/overlay2/6961c029455ba21046b44044f2f3ffbe0c1e30c265838798df2a7dadcd2e657f/diff",
                "MergedDir": "/var/lib/docker/overlay2/87f7cf822be3b24686ba817f8022cf8e3c7c1468aa3072e09a57f53a689f503a/merged",
                "UpperDir": "/var/lib/docker/overlay2/87f7cf822be3b24686ba817f8022cf8e3c7c1468aa3072e09a57f53a689f503a/diff",
                "WorkDir": "/var/lib/docker/overlay2/87f7cf822be3b24686ba817f8022cf8e3c7c1468aa3072e09a57f53a689f503a/work"
            },
            "Name": "overlay2"
        },
        "Mounts": [],
        "Config": {
            "Hostname": "5ca78804e7fe",
            "Domainname": "",
            "User": "",
            "AttachStdin": false,
            "AttachStdout": false,
            "AttachStderr": false,
            "ExposedPorts": {
                "1936/tcp": {},
                "7373/tcp": {},
                "7946/tcp": {},
                "80/tcp": {},
                "9999/tcp": {}
            },
            "Tty": false,
            "OpenStdin": false,
            "StdinOnce": false,
            "Env": [
                "WEBAPP_1_IP=192.168.42.11",
                "WEBAPP_2_IP=192.168.42.22",
                "PATH=/usr/local/sbin:/usr/local/bin:/usr/sbin:/usr/bin:/sbin:/bin",
                "HAPROXY_VERSION=2.2.19",
                "HAPROXY_URL=https://www.haproxy.org/download/2.2/src/haproxy-2.2.19.tar.gz",
                "HAPROXY_SHA256=972e5a422dec3d9d01eb341eabd57d2d17d0e56e17d95d5c4c28b37b9c8aba12",
                "ROLE=balancer"
            ],
            "Cmd": null,
            "Image": "labo_4_haproxy",
            "Volumes": null,
            "WorkingDir": "",
            "Entrypoint": [
                "/init"
            ],
            "OnBuild": null,
            "Labels": {
                "authors": "Noemie Plancherel <noemie.plancherel@heig-vd.ch>, Gwendoline Dossegger <gwendoline.dossegger@heig-vd.ch>, Gaby Roch <gabriel.roch@heig-vd.ch>",
                "com.docker.compose.config-hash": "dae32cbc6cac58c2e6917c290f5caecc27c56945e4e699fd70deca166d5961eb",
                "com.docker.compose.container-number": "1",
                "com.docker.compose.oneoff": "False",
                "com.docker.compose.project": "labo_4",
                "com.docker.compose.service": "haproxy",
                "com.docker.compose.slug": "b0502d758d2b0086061675fe01904d47099c4f7ed038883810e4591216c8df7",
                "com.docker.compose.version": "1.23.1"
            },
            "StopSignal": "SIGUSR1"
        },
        "NetworkSettings": {
            "Bridge": "",
            "SandboxID": "83dcead7e34eda311334868ba7d891ead4b6afa88b57d8902e86b18d01c37a36",
            "HairpinMode": false,
            "LinkLocalIPv6Address": "",
            "LinkLocalIPv6PrefixLen": 0,
            "Ports": {
                "1936/tcp": [
                    {
                        "HostIp": "0.0.0.0",
                        "HostPort": "1936"
                    },
                    {
                        "HostIp": "::",
                        "HostPort": "1936"
                    }
                ],
                "7373/tcp": null,
                "7946/tcp": null,
                "80/tcp": [
                    {
                        "HostIp": "0.0.0.0",
                        "HostPort": "80"
                    },
                    {
                        "HostIp": "::",
                        "HostPort": "80"
                    }
                ],
                "9999/tcp": [
                    {
                        "HostIp": "0.0.0.0",
                        "HostPort": "9999"
                    },
                    {
                        "HostIp": "::",
                        "HostPort": "9999"
                    }
                ]
            },
            "SandboxKey": "/var/run/docker/netns/83dcead7e34e",
            "SecondaryIPAddresses": null,
            "SecondaryIPv6Addresses": null,
            "EndpointID": "",
            "Gateway": "",
            "GlobalIPv6Address": "",
            "GlobalIPv6PrefixLen": 0,
            "IPAddress": "",
            "IPPrefixLen": 0,
            "IPv6Gateway": "",
            "MacAddress": "",
            "Networks": {
                "heig": {
                    "IPAMConfig": {
                        "IPv4Address": "192.168.42.42"
                    },
                    "Links": null,
                    "Aliases": [
                        "5ca78804e7fe",
                        "haproxy"
                    ],
                    "NetworkID": "bec02563ed37a06d15f45d9369bb9566aaf05a6a45f88e3cff90a6c31475ded8",
                    "EndpointID": "9a6bfd38aaccd39c667b86a3a880d98821db438e376d25ab8c83cfca1b02fd58",
                    "Gateway": "192.168.42.1",
                    "IPAddress": "192.168.42.42",
                    "IPPrefixLen": 24,
                    "IPv6Gateway": "",
                    "GlobalIPv6Address": "",
                    "GlobalIPv6PrefixLen": 0,
                    "MacAddress": "02:42:c0:a8:2a:2a",
                    "DriverOpts": null
                }
            }
        }
    }
]
