[
    {
        "Id": "87f95e173cd0ac35ef53989599b218b5aa05b7400e5d0cb6d2e5fb68eed00108",
        "Created": "2021-12-23T15:25:16.504783117Z",
        "Path": "/init",
        "Args": [],
        "State": {
            "Status": "running",
            "Running": true,
            "Paused": false,
            "Restarting": false,
            "OOMKilled": false,
            "Dead": false,
            "Pid": 35054,
            "ExitCode": 0,
            "Error": "",
            "StartedAt": "2021-12-23T15:32:02.930967634Z",
            "FinishedAt": "2021-12-23T15:25:20.992481709Z"
        },
        "Image": "sha256:cd27aba806ac503965056fffba7d398181afafc31a990f91acc23cc9dd36e91f",
        "ResolvConfPath": "/var/lib/docker/containers/87f95e173cd0ac35ef53989599b218b5aa05b7400e5d0cb6d2e5fb68eed00108/resolv.conf",
        "HostnamePath": "/var/lib/docker/containers/87f95e173cd0ac35ef53989599b218b5aa05b7400e5d0cb6d2e5fb68eed00108/hostname",
        "HostsPath": "/var/lib/docker/containers/87f95e173cd0ac35ef53989599b218b5aa05b7400e5d0cb6d2e5fb68eed00108/hosts",
        "LogPath": "/var/lib/docker/containers/87f95e173cd0ac35ef53989599b218b5aa05b7400e5d0cb6d2e5fb68eed00108/87f95e173cd0ac35ef53989599b218b5aa05b7400e5d0cb6d2e5fb68eed00108-json.log",
        "Name": "/s1",
        "RestartCount": 0,
        "Driver": "overlay2",
        "Platform": "linux",
        "MountLabel": "",
        "ProcessLabel": "",
        "AppArmorProfile": "docker-default",
        "ExecIDs": null,
        "HostConfig": {
            "Binds": [],
            "ContainerIDFile": "",
            "LogConfig": {
                "Type": "json-file",
                "Config": {}
            },
            "NetworkMode": "heig",
            "PortBindings": {
                "3000/tcp": [
                    {
                        "HostIp": "",
                        "HostPort": "4000"
                    }
                ]
            },
            "RestartPolicy": {
                "Name": "",
                "MaximumRetryCount": 0
            },
            "AutoRemove": false,
            "VolumeDriver": "",
            "VolumesFrom": [],
            "CapAdd": null,
            "CapDrop": null,
            "CgroupnsMode": "private",
            "Dns": null,
            "DnsOptions": null,
            "DnsSearch": null,
            "ExtraHosts": null,
            "GroupAdd": null,
            "IpcMode": "shareable",
            "Cgroup": "",
            "Links": null,
            "OomScoreAdj": 0,
            "PidMode": "",
            "Privileged": false,
            "PublishAllPorts": false,
            "ReadonlyRootfs": false,
            "SecurityOpt": null,
            "UTSMode": "",
            "UsernsMode": "",
            "ShmSize": 67108864,
            "Runtime": "runc",
            "ConsoleSize": [
                0,
                0
            ],
            "Isolation": "",
            "CpuShares": 0,
            "Memory": 0,
            "NanoCpus": 0,
            "CgroupParent": "",
            "BlkioWeight": 0,
            "BlkioWeightDevice": null,
            "BlkioDeviceReadBps": null,
            "BlkioDeviceWriteBps": null,
            "BlkioDeviceReadIOps": null,
            "BlkioDeviceWriteIOps": null,
            "CpuPeriod": 0,
            "CpuQuota": 0,
            "CpuRealtimePeriod": 0,
            "CpuRealtimeRuntime": 0,
            "CpusetCpus": "",
            "CpusetMems": "",
            "Devices": null,
            "DeviceCgroupRules": null,
            "DeviceRequests": null,
            "KernelMemory": 0,
            "KernelMemoryTCP": 0,
            "MemoryReservation": 0,
            "MemorySwap": 0,
            "MemorySwappiness": null,
            "OomKillDisable": null,
            "PidsLimit": null,
            "Ulimits": null,
            "CpuCount": 0,
            "CpuPercent": 0,
            "IOMaximumIOps": 0,
            "IOMaximumBandwidth": 0,
            "MaskedPaths": [
                "/proc/asound",
                "/proc/acpi",
                "/proc/kcore",
                "/proc/keys",
                "/proc/latency_stats",
                "/proc/timer_list",
                "/proc/timer_stats",
                "/proc/sched_debug",
                "/proc/scsi",
                "/sys/firmware"
            ],
            "ReadonlyPaths": [
                "/proc/bus",
                "/proc/fs",
                "/proc/irq",
                "/proc/sys",
                "/proc/sysrq-trigger"
            ]
        },
        "GraphDriver": {
            "Data": {
                "LowerDir": "/var/lib/docker/overlay2/7ca16fca9fc7b6d64a7cdcf62563d186b3e98e41a25df729b89c8d4ee25ad970-init/diff:/var/lib/docker/overlay2/3a4caa09623997232849d70557465058689839d28aecc98cbfb62e20a0e8aaa9/diff:/var/lib/docker/overlay2/3f4dfa1c0495a0ca5c64aa8413441e62f387208dd99658ae79c8be67e6704aa6/diff:/var/lib/docker/overlay2/dbd3b1abbb75ae9516be8f6f8d89aabccac4e4c14050918d788c29a3b5ca5b33/diff:/var/lib/docker/overlay2/65a62e94304e3eda88f1861f0e53ebc15c7b65d8967fcec10153013d2eedfc55/diff:/var/lib/docker/overlay2/462958155f8a5b300a4934bd50bff7f7830ed9f2902a7ec3cc9ff9fac6f4ebdb/diff:/var/lib/docker/overlay2/7bd7fb3e160f14d762b313deaafea4c62f5e6a457998fb5ac323328d5748bc0f/diff:/var/lib/docker/overlay2/e2d0c51447d773db67ee27b25569dc6474ab709b9e16757e77f13ba119d780de/diff:/var/lib/docker/overlay2/ce59be6b58cfa6ad5844c1f195972893c2e8e1fdafec42644af310e796ca9b5f/diff:/var/lib/docker/overlay2/64d560d66dc852f3bf3bed37a30f596f6fc34afc7b59348a0d14d47bc5dfe4b3/diff:/var/lib/docker/overlay2/b6156e445376b4800ce488d9178545b45e4ad4317f2dc96aa06732cd2df10d60/diff:/var/lib/docker/overlay2/ceb539c627779dcc0e2a00fac546f39e2b2facfccb4a26b8ff1a6df44b6d9ac1/diff:/var/lib/docker/overlay2/f7da592b4654546f1840b3c7ae4aaf7f15f4420c4731b42951193015bcd757e4/diff:/var/lib/docker/overlay2/e7abd4483d14c3c9cccf92ed07d595af11ffc54a4773b7a47544935c49a26518/diff:/var/lib/docker/overlay2/e0e430829c2cf693cd5db1e09d8810c3f51068e67c300aa88f66e69785221e18/diff:/var/lib/docker/overlay2/3c7bf915ad2bcdd16b8a5ab1334bb4eb202af97a178526d7b9d6d198fe7c9d37/diff:/var/lib/docker/overlay2/18ed56092bab214a04352daeff1dfc2be2f4d105fc8dc1451eb9edaeeebd8f96/diff:/var/lib/docker/overlay2/7d2d73e898da39781a95ef8d5d8c965bb9a8dc93f068944e42d1030b8fad250a/diff:/var/lib/docker/overlay2/0a04664d0d37dafd5cfd0924d9124bfc548c613688e35e03e18f6c7ca08be46c/diff:/var/lib/docker/overlay2/d73523ff03b4feb996f36ada6df47bbdabb0a02f8fe5df368dbd6f80289c24fb/diff",
                "MergedDir": "/var/lib/docker/overlay2/7ca16fca9fc7b6d64a7cdcf62563d186b3e98e41a25df729b89c8d4ee25ad970/merged",
                "UpperDir": "/var/lib/docker/overlay2/7ca16fca9fc7b6d64a7cdcf62563d186b3e98e41a25df729b89c8d4ee25ad970/diff",
                "WorkDir": "/var/lib/docker/overlay2/7ca16fca9fc7b6d64a7cdcf62563d186b3e98e41a25df729b89c8d4ee25ad970/work"
            },
            "Name": "overlay2"
        },
        "Mounts": [],
        "Config": {
            "Hostname": "87f95e173cd0",
            "Domainname": "",
            "User": "",
            "AttachStdin": false,
            "AttachStdout": false,
            "AttachStderr": false,
            "ExposedPorts": {
                "3000/tcp": {},
                "7373/tcp": {},
                "7946/tcp": {}
            },
            "Tty": false,
            "OpenStdin": false,
            "StdinOnce": false,
            "Env": [
                "TAG=s1",
                "SERVER_IP=192.168.42.11",
                "PATH=/usr/local/sbin:/usr/local/bin:/usr/sbin:/usr/bin:/sbin:/bin",
                "NODE_VERSION=17.2.0",
                "YARN_VERSION=1.22.15",
                "ROLE=backend"
            ],
            "Cmd": null,
            "Image": "labo_4_webapp1",
            "Volumes": null,
            "WorkingDir": "",
            "Entrypoint": [
                "/init"
            ],
            "OnBuild": null,
            "Labels": {
                "Noemie": "Plancherel <noemie.plancherel@heig-vd.ch>",
                "com.docker.compose.config-hash": "995fa421a4c560d3e763ae32ec3b119bccbf4b9ea55faf6903a460a943e5e85d",
                "com.docker.compose.container-number": "1",
                "com.docker.compose.oneoff": "False",
                "com.docker.compose.project": "labo_4",
                "com.docker.compose.service": "webapp1",
                "com.docker.compose.slug": "bd72650b2fe7fe5340663ff9432fd208122f9e8d2f259e2ecf248fe0ac68c6",
                "com.docker.compose.version": "1.23.1"
            }
        },
        "NetworkSettings": {
            "Bridge": "",
            "SandboxID": "f96308603fc186d63b7828ac0a031d9bc542964aac1d423e7ee4abd6f0a973cf",
            "HairpinMode": false,
            "LinkLocalIPv6Address": "",
            "LinkLocalIPv6PrefixLen": 0,
            "Ports": {
                "3000/tcp": [
                    {
                        "HostIp": "0.0.0.0",
                        "HostPort": "4000"
                    },
                    {
                        "HostIp": "::",
                        "HostPort": "4000"
                    }
                ],
                "7373/tcp": null,
                "7946/tcp": null
            },
            "SandboxKey": "/var/run/docker/netns/f96308603fc1",
            "SecondaryIPAddresses": null,
            "SecondaryIPv6Addresses": null,
            "EndpointID": "",
            "Gateway": "",
            "GlobalIPv6Address": "",
            "GlobalIPv6PrefixLen": 0,
            "IPAddress": "",
            "IPPrefixLen": 0,
            "IPv6Gateway": "",
            "MacAddress": "",
            "Networks": {
                "heig": {
                    "IPAMConfig": {
                        "IPv4Address": "192.168.42.11"
                    },
                    "Links": null,
                    "Aliases": [
                        "87f95e173cd0",
                        "webapp1"
                    ],
                    "NetworkID": "bec02563ed37a06d15f45d9369bb9566aaf05a6a45f88e3cff90a6c31475ded8",
                    "EndpointID": "c30b54bf7e2923c7fd1d7cdba1eeb4dd281251fd6e7e1da5bae01d650db715af",
                    "Gateway": "192.168.42.1",
                    "IPAddress": "192.168.42.11",
                    "IPPrefixLen": 24,
                    "IPv6Gateway": "",
                    "GlobalIPv6Address": "",
                    "GlobalIPv6PrefixLen": 0,
                    "MacAddress": "02:42:c0:a8:2a:0b",
                    "DriverOpts": null
                }
            }
        }
    }
]
