[s6-init] making user provided files available at /var/run/s6/etc...exited 0.
[s6-init] ensuring user provided files have correct perms...exited 0.
[fix-attrs.d] applying ownership & permissions fixes...
[fix-attrs.d] done.
[cont-init.d] executing container initialization scripts...
[cont-init.d] done.
[services.d] starting services
/opt/bin/serf agent --join ha --tag role=backend
[services.d] done.
==> Starting Serf agent...
==> Starting Serf agent RPC...
==> Serf agent running!
         Node name: '96ab504749a4'
         Bind addr: '0.0.0.0:7946'
                       RPC addr: '127.0.0.1:7373'
                      Encrypted: false
                       Snapshot: false
                        Profile: lan
    Message Compression Enabled: true
==> Joining cluster...(replay: false)
    Join completed. Synced with 1 initial agents

==> Log data will now stream in as it occurs:

    2021/12/23 14:33:15 [INFO] agent: Serf agent starting
    2021/12/23 14:33:15 [INFO] serf: EventMemberJoin: 96ab504749a4 192.168.42.11
    2021/12/23 14:33:15 [INFO] agent: joining: [ha] replay: false
    2021/12/23 14:33:15 [INFO] serf: EventMemberJoin: 365f95dd31a7 192.168.42.42
    2021/12/23 14:33:15 [INFO] agent: joined: 1 nodes
Application started
    2021/12/23 14:33:16 [INFO] agent: Received event: member-join
HEAD / 200 15.418 ms - 129
HEAD / 200 3.288 ms - 129
HEAD / 200 1.284 ms - 129
    2021/12/23 14:33:22 [INFO] serf: EventMemberJoin: 119537ad0b74 192.168.42.22
    2021/12/23 14:33:23 [INFO] agent: Received event: member-join
HEAD / 200 3.835 ms - 129
HEAD / 200 1.722 ms - 129
HEAD / 200 1.470 ms - 129
HEAD / 200 1.659 ms - 129
HEAD / 200 1.744 ms - 129
HEAD / 200 1.656 ms - 129
HEAD / 200 1.577 ms - 129
HEAD / 200 1.992 ms - 129
HEAD / 200 1.881 ms - 129
HEAD / 200 1.160 ms - 129
HEAD / 200 2.187 ms - 129
HEAD / 200 1.294 ms - 129
HEAD / 200 1.396 ms - 129
HEAD / 200 1.679 ms - 129
HEAD / 200 1.064 ms - 129
HEAD / 200 3.169 ms - 129
HEAD / 200 0.878 ms - 129
HEAD / 200 3.710 ms - 129
HEAD / 200 2.073 ms - 129
HEAD / 200 3.339 ms - 129
HEAD / 200 3.531 ms - 129
HEAD / 200 1.163 ms - 129
HEAD / 200 2.318 ms - 129
HEAD / 200 2.725 ms - 129
HEAD / 200 1.995 ms - 129
HEAD / 200 1.095 ms - 129
HEAD / 200 3.774 ms - 129
HEAD / 200 1.323 ms - 129
HEAD / 200 0.902 ms - 129
HEAD / 200 1.363 ms - 129
HEAD / 200 1.712 ms - 129
HEAD / 200 2.508 ms - 129
HEAD / 200 1.576 ms - 129
HEAD / 200 4.194 ms - 129
HEAD / 200 0.759 ms - 129
HEAD / 200 1.061 ms - 129
HEAD / 200 0.796 ms - 129
HEAD / 200 1.716 ms - 129
HEAD / 200 3.609 ms - 129
HEAD / 200 1.821 ms - 129
HEAD / 200 2.236 ms - 129
HEAD / 200 1.827 ms - 129
HEAD / 200 2.614 ms - 129
HEAD / 200 2.493 ms - 129
HEAD / 200 2.562 ms - 129
HEAD / 200 1.991 ms - 129
HEAD / 200 1.103 ms - 129
HEAD / 200 1.010 ms - 129
HEAD / 200 1.891 ms - 129
HEAD / 200 2.478 ms - 129
HEAD / 200 0.778 ms - 129
HEAD / 200 1.412 ms - 129
HEAD / 200 1.052 ms - 129
HEAD / 200 1.506 ms - 129
HEAD / 200 1.110 ms - 129
HEAD / 200 1.660 ms - 129
HEAD / 200 3.215 ms - 129
HEAD / 200 1.610 ms - 129
HEAD / 200 0.882 ms - 129
HEAD / 200 1.213 ms - 129
HEAD / 200 1.288 ms - 129
HEAD / 200 1.073 ms - 129

